<?xml version="1.0" encoding="UTF-8"?>
<testsuite name="VotingTest" tests="5" skipped="0" failures="0" errors="0" timestamp="2021-01-26T20:52:03" hostname="DESKTOP-V6ARL4J" time="0.056">
  <properties/>
  <testcase name="checkAddingUsertoVoterRoll()" classname="VotingTest" time="0.037"/>
  <testcase name="checkAddingUserWithSameSSN()" classname="VotingTest" time="0.003"/>
  <testcase name="checkUserprofileBySSN()" classname="VotingTest" time="0.003"/>
  <testcase name="checkEditUserProfile()" classname="VotingTest" time="0.002"/>
  <testcase name="checkRetriveListofPorfilesWithNullExpirationTimestamp()" classname="VotingTest" time="0.004"/>
  <system-out><![CDATA[]]></system-out>
  <system-err><![CDATA[]]></system-err>
</testsuite>
